Build started 24/01/2015 16:43:39.
     1>Project "C:\Riot Games\DirectX11-Demo\FinalProject\FinalProject.vcxproj" on node 2 (Build target(s)).
     1>FxCompile:
         C:\Program Files (x86)\Windows Kits\8.1\bin\x86\fxc.exe /nologo /E"main" /T cs_5_0 Shaders\Basic_CS.hlsl 
         //
         // Generated by Microsoft (R) HLSL Shader Compiler 6.3.9600.16384
         //
         //
         // Buffer Definitions: 
         //
         // Resource bind info for positions
         // {
         //
         //   float3 $Element;                   // Offset:    0 Size:    12
         //
         // }
         //
         //
         // Resource Bindings:
         //
         // Name                                 Type  Format         Dim Slot Elements
         // ------------------------------ ---------- ------- ----------- ---- --------
         // positions                             UAV  struct         r/w    0        1
         //
         //
         //
         // Input signature:
         //
         // Name                 Index   Mask Register SysValue  Format   Used
         // -------------------- ----- ------ -------- -------- ------- ------
         // no Input
         //
         // Output signature:
         //
         // Name                 Index   Mask Register SysValue  Format   Used
         // -------------------- ----- ------ -------- -------- ------- ------
         // no Output
         cs_5_0
         dcl_globalFlags refactoringAllowed
         dcl_uav_structured u0, 12
         dcl_input vThreadID.xyz
         dcl_temps 1
         dcl_thread_group 1, 1, 1
         iadd r0.x, vThreadID.y, vThreadID.x
         iadd r0.x, r0.x, vThreadID.z
         ld_structured_indexable(structured_buffer, stride=12)(mixed,mixed,mixed,mixed) r0.y, r0.x, l(0), u0.xxxx
         mul r0.y, r0.y, l(0.100000)
         store_structured u0.x, r0.x, l(0), r0.y
         ret 
         // Approximately 6 instruction slots used
         C:\Program Files (x86)\Windows Kits\8.1\bin\x86\fxc.exe /nologo /E"main" /T gs_5_0 Shaders\Basic_GS.hlsl 
         //
         // Generated by Microsoft (R) HLSL Shader Compiler 6.3.9600.16384
         //
         //
         //
         // Input signature:
         //
         // Name                 Index   Mask Register SysValue  Format   Used
         // -------------------- ----- ------ -------- -------- ------- ------
         // SV_POSITION              0   xyzw        0      POS   float   xyzw
         //
         //
         // Output signature:
         //
         // Name                 Index   Mask Register SysValue  Format   Used
         // -------------------- ----- ------ -------- -------- ------- ------
         // SV_POSITION              0   xyzw        0      POS   float   xyzw
         //
         gs_5_0
         dcl_globalFlags refactoringAllowed
         dcl_input_siv v[3][0].xyzw, position
         dcl_temps 1
         dcl_inputprimitive triangle 
         dcl_stream m0
         dcl_outputtopology trianglestrip 
         dcl_output_siv o0.xyzw, position
         dcl_maxout 3
         mov r0.x, l(0)
         loop 
           uge r0.y, r0.x, l(3)
           breakc_nz r0.y
           mov o0.xyzw, v[r0.x + 0][0].xyzw
           emit_stream m0
           iadd r0.x, r0.x, l(1)
         endloop 
         ret 
         // Approximately 9 instruction slots used
         C:\Program Files (x86)\Windows Kits\8.1\bin\x86\fxc.exe /nologo /E"main" /T ps_5_0 Shaders\Basic_PS.hlsl 
     1>C:\Riot Games\DirectX11-Demo\FinalProject\Shaders\Basic_PS.hlsl(3,10-34): warning X3576: semantics in type overridden by variable/function or enclosing type
         
         //
         // Generated by Microsoft (R) HLSL Shader Compiler 6.3.9600.16384
         //
         //
         //
         // Input signature:
         //
         // Name                 Index   Mask Register SysValue  Format   Used
         // -------------------- ----- ------ -------- -------- ------- ------
         // SV_POSITION              0   xyzw        0      POS   float       
         // COLOR                    0   xyzw        1     NONE   float   xyzw
         //
         //
         // Output signature:
         //
         // Name                 Index   Mask Register SysValue  Format   Used
         // -------------------- ----- ------ -------- -------- ------- ------
         // SV_TARGET                0   xyzw        0   TARGET   float   xyzw
         //
         ps_5_0
         dcl_globalFlags refactoringAllowed
         dcl_input_ps linear v1.xyzw
         dcl_output o0.xyzw
         mov o0.xyzw, v1.xyzw
         ret 
         // Approximately 2 instruction slots used
         C:\Program Files (x86)\Windows Kits\8.1\bin\x86\fxc.exe /nologo /E"main" /T vs_5_0 Shaders\Basic_VS.hlsl 
         //
         // Generated by Microsoft (R) HLSL Shader Compiler 6.3.9600.16384
         //
         //
         // Buffer Definitions: 
         //
         // cbuffer VS_ConstantBuffer
         // {
         //
         //   float4x4 View;                     // Offset:    0 Size:    64
         //   float4x4 Projection;               // Offset:   64 Size:    64
         //
         // }
         //
         // cbuffer VS_QuickConstantBuffer
         // {
         //
         //   float4x4 World;                    // Offset:    0 Size:    64
         //
         // }
         //
         // Resource bind info for ParticlesRO
         // {
         //
         //   struct Buff
         //   {
         //       
         //       float4 Pos;                    // Offset:    0
         //       float3 Rotation;               // Offset:   16
         //       float3 Scale;                  // Offset:   28
         //       float4 Col;                    // Offset:   40
         //       float4 Vel;                    // Offset:   56
         //
         //   } $Element;                        // Offset:    0 Size:    72
         //
         // }
         //
         //
         // Resource Bindings:
         //
         // Name                                 Type  Format         Dim Slot Elements
         // ------------------------------ ---------- ------- ----------- ---- --------
         // ParticlesRO                       texture  struct         r/o    0        1
         // VS_ConstantBuffer                 cbuffer      NA          NA    0        1
         // VS_QuickConstantBuffer            cbuffer      NA          NA    1        1
         //
         //
         //
         // Input signature:
         //
         // Name                 Index   Mask Register SysValue  Format   Used
         // -------------------- ----- ------ -------- -------- ------- ------
         // POSITION                 0   xyzw        0     NONE   float   xyzw
         // SV_InstanceID            0   x           1   INSTID    uint   x   
         // SV_VertexID              0   x           2   VERTID    uint       
         //
         //
         // Output signature:
         //
         // Name                 Index   Mask Register SysValue  Format   Used
         // -------------------- ----- ------ -------- -------- ------- ------
         // SV_POSITION              0   xyzw        0      POS   float   xyzw
         // COLOR                    0   xyzw        1     NONE   float   xyzw
         //
         vs_5_0
         dcl_globalFlags refactoringAllowed
         dcl_constantbuffer cb0[8], immediateIndexed
         dcl_constantbuffer cb1[4], immediateIndexed
         dcl_resource_structured t0, 72 
         dcl_input v0.xyzw
         dcl_input_sgv v1.x, instance_id
         dcl_output_siv o0.xyzw, position
         dcl_output o1.xyzw
         dcl_temps 7
         ld_structured_indexable(structured_buffer, stride=72)(mixed,mixed,mixed,mixed) r0.xyzw, v1.x, l(0), t0.xyzw
         mov r1.w, v0.w
         mov r2.x, v0.x
         ld_structured_indexable(structured_buffer, stride=72)(mixed,mixed,mixed,mixed) r3.xyzw, v1.x, l(16), t0.xyzw
         sincos r4.xyz, r5.xyz, r3.xyzx
         mov r3.x, r5.x
         mov r3.y, r4.x
         dp2 r2.y, v0.yzyy, r3.xyxx
         mov r6.z, r4.z
         mov r6.y, r5.z
         dp2 r2.z, r2.xyxx, r6.yzyy
         mul r2.w, r5.y, r2.z
         mul r2.z, r4.y, r2.z
         mul r1.x, r3.w, r2.w
         sincos r6.x, null, -r3.z
         dp2 r2.x, r2.xyxx, r6.xyxx
         ld_structured_indexable(structured_buffer, stride=72)(mixed,mixed,mixed,mixed) r3.xyzw, v1.x, l(32), t0.xyzw
         mul r1.yz, r2.xxzx, r3.xxyx
         add r0.xyzw, r0.xyzw, r1.xyzw
         dp4 r1.x, r0.xyzw, cb1[0].xyzw
         dp4 r1.y, r0.xyzw, cb1[1].xyzw
         dp4 r1.z, r0.xyzw, cb1[2].xyzw
         dp4 r1.w, r0.xyzw, cb1[3].xyzw
         dp4 r0.x, r1.xyzw, cb0[0].xyzw
         dp4 r0.y, r1.xyzw, cb0[1].xyzw
         dp4 r0.z, r1.xyzw, cb0[2].xyzw
         dp4 r0.w, r1.xyzw, cb0[3].xyzw
         dp4 o0.x, r0.xyzw, cb0[4].xyzw
         dp4 o0.y, r0.xyzw, cb0[5].xyzw
         dp4 o0.z, r0.xyzw, cb0[6].xyzw
         dp4 o0.w, r0.xyzw, cb0[7].xyzw
         ld_structured_indexable(structured_buffer, stride=72)(mixed,mixed,mixed,mixed) r3.xy, v1.x, l(48), t0.xyxx
         mov o1.xyzw, r3.zwxy
         ret 
         // Approximately 34 instruction slots used
         C:\Program Files (x86)\Windows Kits\8.1\bin\x86\fxc.exe /nologo /E"main" /T cs_5_0 Shaders\CalcAccel.hlsl 
     1>C:\Riot Games\DirectX11-Demo\FinalProject\Shaders\CalcAccel.hlsl(25,3-57): warning X3206: implicit truncation of vector type
         
         //
         // Generated by Microsoft (R) HLSL Shader Compiler 6.3.9600.16384
         //
         //
         // Buffer Definitions: 
         //
         // Resource bind info for ParticlesRO
         // {
         //
         //   struct Buff
         //   {
         //       
         //       float4 Pos;                    // Offset:    0
         //       float3 Rotation;               // Offset:   16
         //       float3 Scale;                  // Offset:   28
         //       float4 Col;                    // Offset:   40
         //       float4 Vel;                    // Offset:   56
         //
         //   } $Element;                        // Offset:    0 Size:    72
         //
         // }
         //
         // Resource bind info for movingData
         // {
         //
         //   struct MovingParticleData
         //   {
         //       
         //       float3 Accel;                  // Offset:    0
         //       float3 Target;                 // Offset:   12
         //       float4 TargetCol;              // Offset:   24
         //       float3 TargetRotation;         // Offset:   40
         //       float3 TargetScale;            // Offset:   52
         //
         //   } $Element;                        // Offset:    0 Size:    64
         //
         // }
         //
         //
         // Resource Bindings:
         //
         // Name                                 Type  Format         Dim Slot Elements
         // ------------------------------ ---------- ------- ----------- ---- --------
         // ParticlesRO                       texture  struct         r/o    0        1
         // movingData                            UAV  struct         r/w    0        1
         //
         //
         //
         // Input signature:
         //
         // Name                 Index   Mask Register SysValue  Format   Used
         // -------------------- ----- ------ -------- -------- ------- ------
         // no Input
         //
         // Output signature:
         //
         // Name                 Index   Mask Register SysValue  Format   Used
         // -------------------- ----- ------ -------- -------- ------- ------
         // no Output
         cs_5_0
         dcl_globalFlags refactoringAllowed
         dcl_resource_structured t0, 72 
         dcl_uav_structured u0, 64
         dcl_input vThreadID.x
         dcl_temps 2
         dcl_thread_group 256, 1, 1
         ld_structured_indexable(structured_buffer, stride=64)(mixed,mixed,mixed,mixed) r0.xyz, vThreadID.x, l(12), u0.xyzx
         ld_structured_indexable(structured_buffer, stride=72)(mixed,mixed,mixed,mixed) r1.xyz, vThreadID.x, l(0), t0.xyzx
         add r1.xyz, r0.xyzx, -r1.xyzx
         dp3 r0.w, r1.xyzx, r1.xyzx
         sqrt r1.w, r0.w
         lt r1.w, l(1.000000), r1.w
         if_nz r1.w
           rsq r0.x, r0.w
           mul r0.xyz, r0.xxxx, r1.xyzx
           mul r0.xyz, r0.xyzx, l(400.000000, 400.000000, 400.000000, 0.000000)
         else 
           mov r0.xyz, l(0,0,0,0)
         endif 
         store_structured u0.xyz, vThreadID.x, l(0), r0.xyzx
         ret 
         // Approximately 15 instruction slots used
         C:\Program Files (x86)\Windows Kits\8.1\bin\x86\fxc.exe /nologo /E"main" /T gs_5_0 Shaders\Cube_GS.hlsl 
         //
         // Generated by Microsoft (R) HLSL Shader Compiler 6.3.9600.16384
         //
         //
         //
         // Input signature:
         //
         // Name                 Index   Mask Register SysValue  Format   Used
         // -------------------- ----- ------ -------- -------- ------- ------
         // SV_POSITION              0   xyzw        0      POS   float   xyzw
         // COLOR                    0   xyzw        1     NONE   float   xyzw
         //
         //
         // Output signature:
         //
         // Name                 Index   Mask Register SysValue  Format   Used
         // -------------------- ----- ------ -------- -------- ------- ------
         // SV_POSITION              0   xyzw        0      POS   float   xyzw
         // COLOR                    0   xyzw        1     NONE   float   xyzw
         //
         gs_5_0
         dcl_globalFlags refactoringAllowed
         dcl_input_siv v[1][0].xyzw, position
         dcl_input v[1][1].xyzw
         dcl_temps 3
         dcl_inputprimitive point 
         dcl_stream m0
         dcl_outputtopology trianglestrip 
         dcl_output_siv o0.xyzw, position
         dcl_output o1.xyzw
         dcl_maxout 6
         add r0.xyzw, l(-0.250000, -0.500000, 0.000000, 0.000000), v[0][0].xyzw
         mov o0.xyzw, r0.xyzw
         mov o1.xyzw, v[0][1].xyzw
         emit_stream m0
         add r1.xyzw, l(-0.250000, 0.500000, 0.000000, 0.000000), v[0][0].xyzw
         mov o0.xyzw, r1.xyzw
         mov o1.xyzw, v[0][1].xyzw
         emit_stream m0
         add r1.xyzw, l(0.250000, 0.500000, 0.000000, 0.000000), v[0][0].xyzw
         mov o0.xyzw, r1.xyzw
         mov o1.xyzw, v[0][1].xyzw
         emit_stream m0
         cut_stream m0
         add r2.xyzw, l(0.250000, -0.500000, 0.000000, 0.000000), v[0][0].xyzw
         mov o0.xyzw, r2.xyzw
         mov o1.xyzw, v[0][1].xyzw
         emit_stream m0
         mov o0.xyzw, r0.xyzw
         mov o1.xyzw, v[0][1].xyzw
         emit_stream m0
         mov o0.xyzw, r1.xyzw
         mov o1.xyzw, v[0][1].xyzw
         emit_stream m0
         ret 
         // Approximately 24 instruction slots used
         C:\Program Files (x86)\Windows Kits\8.1\bin\x86\fxc.exe /nologo /E"main" /T gs_4_0 Shaders\ModelGeometryShader.hlsl 
     1>C:\Riot Games\DirectX11-Demo\FinalProject\Shaders\ModelGeometryShader.hlsl(13,48-81): warning X3206: implicit truncation of vector type
     1>C:\Riot Games\DirectX11-Demo\FinalProject\Shaders\ModelGeometryShader.hlsl(13,6-83): warning X3206: 'dot': implicit truncation of vector type
         
         //
         // Generated by Microsoft (R) HLSL Shader Compiler 6.3.9600.16384
         //
         //
         // Buffer Definitions: 
         //
         // cbuffer VS_ConstantBuffer
         // {
         //
         //   float4x4 View;                     // Offset:    0 Size:    64 [unused]
         //   float4x4 Projection;               // Offset:   64 Size:    64 [unused]
         //   float3 cameraPosition;             // Offset:  128 Size:    12
         //
         // }
         //
         //
         // Resource Bindings:
         //
         // Name                                 Type  Format         Dim Slot Elements
         // ------------------------------ ---------- ------- ----------- ---- --------
         // VS_ConstantBuffer                 cbuffer      NA          NA    0        1
         //
         //
         //
         // Input signature:
         //
         // Name                 Index   Mask Register SysValue  Format   Used
         // -------------------- ----- ------ -------- -------- ------- ------
         // SV_POSITION              0   xyzw        0      POS   float   xyzw
         // TEXCOORD                 0   xy          1     NONE   float   xy  
         // TEXCOORD                 1   xyzw        2     NONE   float   xyzw
         // COLOR                    2   xyzw        3     NONE   float   xyzw
         // COLOR                    3   x           4     NONE    uint   x   
         // SV_PrimitiveID           0    N/A   primID   PRIMID    uint    YES
         //
         //
         // Output signature:
         //
         // Name                 Index   Mask Register SysValue  Format   Used
         // -------------------- ----- ------ -------- -------- ------- ------
         // SV_POSITION              0   xyzw        0      POS   float   xyzw
         // TEXCOORD                 0   xy          1     NONE   float   xy  
         // TEXCOORD                 1   xyzw        2     NONE   float   xyzw
         // COLOR                    2   xyzw        3     NONE   float   xyzw
         // COLOR                    3   x           4     NONE    uint   x   
         // SV_PrimitiveID           0   x           5   PRIMID    uint   x   
         //
         gs_4_0
         dcl_constantbuffer cb0[9], immediateIndexed
         dcl_input_siv v[3][0].xyzw, position
         dcl_input v[3][1].xy
         dcl_input v[3][2].xyzw
         dcl_input v[3][3].xyzw
         dcl_input v[3][4].x
         dcl_input vPrim
         dcl_temps 2
         dcl_inputprimitive triangle 
         dcl_outputtopology trianglestrip 
         dcl_output_siv o0.xyzw, position
         dcl_output o1.xy
         dcl_output o2.xyzw
         dcl_output o3.xyzw
         dcl_output o4.x
         dcl_output_sgv o5.x, primitive_id
         dcl_maxout 3
         dp4 r0.x, v[0][2].xyzw, v[0][2].xyzw
         rsq r0.x, r0.x
         mul r0.xyz, r0.xxxx, v[0][2].xyzx
         add r1.xyz, -cb0[8].xyzx, v[0][3].xyzx
         dp3 r0.w, r1.xyzx, r1.xyzx
         rsq r0.w, r0.w
         mul r1.xyz, r0.wwww, r1.xyzx
         dp3 r0.x, r0.xyzx, r1.xyzx
         lt r0.x, r0.x, l(0.250000)
         if_nz r0.x
           mov r0.x, l(0)
           loop 
             uge r0.y, r0.x, l(3)
             breakc_nz r0.y
             mov o0.xyzw, v[r0.x + 0][0].xyzw
             mov o1.xy, v[r0.x + 0][1].xyxx
             mov o2.xyzw, v[r0.x + 0][2].xyzw
             mov o3.xyzw, v[r0.x + 0][3].xyzw
             mov o4.x, v[r0.x + 0][4].x
             mov o5.x, vPrim
             emit 
             iadd r0.x, r0.x, l(1)
           endloop 
         endif 
         ret 
         // Approximately 25 instruction slots used
         C:\Program Files (x86)\Windows Kits\8.1\bin\x86\fxc.exe /nologo /E"main" /T ps_5_0 /Fo "C:\Riot Games\DirectX11-Demo\FinalProject\Release\Shaders/ModelPixelShader.p_cso" Shaders\ModelPixelShader.hlsl 
     1>C:\Riot Games\DirectX11-Demo\FinalProject\Shaders\ModelPixelShader.hlsl(63,20-49): warning X3203: signed/unsigned mismatch, unsigned assumed
     1>C:\Riot Games\DirectX11-Demo\FinalProject\Shaders\ModelPixelShader.hlsl(73,36-66): warning X3206: implicit truncation of vector type
     1>C:\Riot Games\DirectX11-Demo\FinalProject\Shaders\ModelPixelShader.hlsl(73,17-83): warning X3206: 'reflect': implicit truncation of vector type
     1>C:\Riot Games\DirectX11-Demo\FinalProject\Shaders\ModelPixelShader.hlsl(74,28-83): warning X3206: 'compute_tangent_frame': implicit truncation of vector type
     1>C:\Riot Games\DirectX11-Demo\FinalProject\Shaders\ModelPixelShader.hlsl(80,20-50): warning X3206: implicit truncation of vector type
     1>C:\Riot Games\DirectX11-Demo\FinalProject\Shaders\ModelPixelShader.hlsl(93,15-38): warning X3206: 'dot': implicit truncation of vector type
     1>C:\Riot Games\DirectX11-Demo\FinalProject\Shaders\ModelPixelShader.hlsl(131,19-71): warning X3206: 'compute_tangent_frame': implicit truncation of vector type
     1>C:\Riot Games\DirectX11-Demo\FinalProject\Shaders\ModelPixelShader.hlsl(132,29-106): warning X3206: 'mul': implicit truncation of vector type
     1>C:\Riot Games\DirectX11-Demo\FinalProject\Shaders\ModelPixelShader.hlsl(137,4-31): warning X3206: implicit truncation of vector type
     1>C:\Riot Games\DirectX11-Demo\FinalProject\Shaders\ModelPixelShader.hlsl(144,3-27): warning X3206: implicit truncation of vector type
     1>C:\Riot Games\DirectX11-Demo\FinalProject\Shaders\ModelPixelShader.hlsl(160,36-66): warning X3206: implicit truncation of vector type
     1>C:\Riot Games\DirectX11-Demo\FinalProject\Shaders\ModelPixelShader.hlsl(55,10-34): warning X3576: semantics in type overridden by variable/function or enclosing type
         
         compilation object save succeeded; see C:\Riot Games\DirectX11-Demo\FinalProject\Release\Shaders\ModelPixelShader.p_cso
         C:\Program Files (x86)\Windows Kits\8.1\bin\x86\fxc.exe /nologo /E"main" /T ps_5_0 /Fo "C:\Riot Games\DirectX11-Demo\FinalProject\Release\Shaders/ModelPixelSphereShader.p_cso" Shaders\ModelPixelSphereShader.hlsl 
     1>C:\Riot Games\DirectX11-Demo\FinalProject\Shaders\ModelPixelSphereShader.hlsl(38,2-50): warning X3206: implicit truncation of vector type
     1>C:\Riot Games\DirectX11-Demo\FinalProject\Shaders\ModelPixelSphereShader.hlsl(39,2-26): warning X3206: implicit truncation of vector type
     1>C:\Riot Games\DirectX11-Demo\FinalProject\Shaders\ModelPixelSphereShader.hlsl(43,25-55): warning X3206: implicit truncation of vector type
     1>C:\Riot Games\DirectX11-Demo\FinalProject\Shaders\ModelPixelSphereShader.hlsl(34,10-35): warning X3576: semantics in type overridden by variable/function or enclosing type
         
         compilation object save succeeded; see C:\Riot Games\DirectX11-Demo\FinalProject\Release\Shaders\ModelPixelSphereShader.p_cso
         C:\Program Files (x86)\Windows Kits\8.1\bin\x86\fxc.exe /nologo /E"main" /T vs_5_0 /Fo "C:\Riot Games\DirectX11-Demo\FinalProject\Release\Shaders/ModelVertexShader.v_cso" Shaders\ModelVertexShader.hlsl 
         compilation object save succeeded; see C:\Riot Games\DirectX11-Demo\FinalProject\Release\Shaders\ModelVertexShader.v_cso
         C:\Program Files (x86)\Windows Kits\8.1\bin\x86\fxc.exe /nologo /E"main" /T ps_5_0 /Fo "C:\Riot Games\DirectX11-Demo\FinalProject\Release\Shaders/Quad_PS.p_cso" Shaders\Quad_PS.hlsl 
     1>C:\Riot Games\DirectX11-Demo\FinalProject\Shaders\Quad_PS.hlsl(43,15-36): warning X3206: implicit truncation of vector type
     1>C:\Riot Games\DirectX11-Demo\FinalProject\Shaders\Quad_PS.hlsl(63,10-75): warning X3206: implicit truncation of vector type
     1>C:\Riot Games\DirectX11-Demo\FinalProject\Shaders\Quad_PS.hlsl(69,35-50): warning X3206: implicit truncation of vector type
         
         compilation object save succeeded; see C:\Riot Games\DirectX11-Demo\FinalProject\Release\Shaders\Quad_PS.p_cso
         C:\Program Files (x86)\Windows Kits\8.1\bin\x86\fxc.exe /nologo /E"main" /T vs_5_0 /Fo "C:\Riot Games\DirectX11-Demo\FinalProject\Release\Shaders/Quad_VS.v_cso" Shaders\Quad_VS.hlsl 
         compilation object save succeeded; see C:\Riot Games\DirectX11-Demo\FinalProject\Release\Shaders\Quad_VS.v_cso
         C:\Program Files (x86)\Windows Kits\8.1\bin\x86\fxc.exe /nologo /E"main" /T cs_5_0 Shaders\SplitColour_CS.hlsl 
     1>C:\Riot Games\DirectX11-Demo\FinalProject\Shaders\SplitColour_CS.hlsl(23,2-32): warning X3205: conversion from larger type to smaller, possible loss of data
     1>C:\Riot Games\DirectX11-Demo\FinalProject\Shaders\SplitColour_CS.hlsl(24,2-28): warning X3205: conversion from larger type to smaller, possible loss of data
     1>C:\Riot Games\DirectX11-Demo\FinalProject\Shaders\SplitColour_CS.hlsl(30,2-100): warning X3205: conversion from larger type to smaller, possible loss of data
     1>C:\Riot Games\DirectX11-Demo\FinalProject\Shaders\SplitColour_CS.hlsl(31,2-115): warning X3205: conversion from larger type to smaller, possible loss of data
     1>C:\Riot Games\DirectX11-Demo\FinalProject\Shaders\SplitColour_CS.hlsl(32,2-106): warning X3205: conversion from larger type to smaller, possible loss of data
         
         //
         // Generated by Microsoft (R) HLSL Shader Compiler 6.3.9600.16384
         //
         //
         // Note: shader requires additional functionality:
         //       Double-precision floating point
         //
         //
         // Buffer Definitions: 
         //
         // cbuffer CS_ConstantBuffer
         // {
         //
         //   double time;                       // Offset:    0 Size:     8
         //   double timeTotal;                  // Offset:    8 Size:     8 [unused]
         //
         // }
         //
         // Resource bind info for ParticlesRO
         // {
         //
         //   struct Buff
         //   {
         //       
         //       float4 Pos;                    // Offset:    0
         //       float3 Rotation;               // Offset:   16
         //       float3 Scale;                  // Offset:   28
         //       float4 Col;                    // Offset:   40
         //       float4 Vel;                    // Offset:   56
         //
         //   } $Element;                        // Offset:    0 Size:    72
         //
         // }
         //
         // Resource bind info for movingData
         // {
         //
         //   struct MovingParticleData
         //   {
         //       
         //       float3 Accel;                  // Offset:    0
         //       float3 Target;                 // Offset:   12
         //       float4 TargetCol;              // Offset:   24
         //       float3 TargetRotation;         // Offset:   40
         //       float3 TargetScale;            // Offset:   52
         //
         //   } $Element;                        // Offset:    0 Size:    64
         //
         // }
         //
         // Resource bind info for ParticlesRW
         // {
         //
         //   struct Buff
         //   {
         //       
         //       float4 Pos;                    // Offset:    0
         //       float3 Rotation;               // Offset:   16
         //       float3 Scale;                  // Offset:   28
         //       float4 Col;                    // Offset:   40
         //       float4 Vel;                    // Offset:   56
         //
         //   } $Element;                        // Offset:    0 Size:    72
         //
         // }
         //
         //
         // Resource Bindings:
         //
         // Name                                 Type  Format         Dim Slot Elements
         // ------------------------------ ---------- ------- ----------- ---- --------
         // ParticlesRO                       texture  struct         r/o    0        1
         // movingData                        texture  struct         r/o    1        1
         // ParticlesRW                           UAV  struct         r/w    0        1
         // CS_ConstantBuffer                 cbuffer      NA          NA    0        1
         //
         //
         //
         // Input signature:
         //
         // Name                 Index   Mask Register SysValue  Format   Used
         // -------------------- ----- ------ -------- -------- ------- ------
         // no Input
         //
         // Output signature:
         //
         // Name                 Index   Mask Register SysValue  Format   Used
         // -------------------- ----- ------ -------- -------- ------- ------
         // no Output
         cs_5_0
         dcl_globalFlags refactoringAllowed | enableDoublePrecisionFloatOps
         dcl_constantbuffer cb0[1], immediateIndexed
         dcl_resource_structured t0, 72 
         dcl_resource_structured t1, 64 
         dcl_uav_structured u0, 72
         dcl_input vThreadID.x
         dcl_temps 5
         dcl_thread_group 256, 1, 1
         ld_structured_indexable(structured_buffer, stride=64)(mixed,mixed,mixed,mixed) r0.xyz, vThreadID.x, l(0), t1.xyzx
         ftod r1.xyzw, r0.xyxx
         ftod r0.xy, r0.z
         dmul r0.xy, r0.xyxy, cb0[0].xyxy
         dmul r1.xyzw, r1.xyzw, cb0[0].xyxy
         ld_structured_indexable(structured_buffer, stride=72)(mixed,mixed,mixed,mixed) r2.xyz, vThreadID.x, l(56), t0.xyzx
         ftod r3.xyzw, r2.xyxx
         ftod r0.zw, r2.z
         dadd r0.xy, r0.xyxy, r0.zwzw
         dtof r0.z, r0.xyxy
         dadd r1.xyzw, r1.xyzw, r3.xyzw
         dtof r0.xy, r1.xyzw
         ftod r1.xyzw, r0.xyxx
         mul r0.xyw, r0.xyxz, l(0.970000, 0.970000, 0.000000, 0.970000)
         ftod r2.xy, r0.z
         dmul r2.xy, r2.xyxy, cb0[0].xyxy
         dmul r1.xyzw, r1.xyzw, cb0[0].xyxy
         ld_structured_indexable(structured_buffer, stride=72)(mixed,mixed,mixed,mixed) r3.xyz, vThreadID.x, l(0), t0.xyzx
         ftod r4.xyzw, r3.xyxx
         ftod r2.zw, r3.z
         dadd r2.xy, r2.xyxy, r2.zwzw
         dtof r2.z, r2.xyxy
         dadd r1.xyzw, r1.xyzw, r4.xyzw
         dtof r2.xy, r1.xyzw
         store_structured u0.xyz, vThreadID.x, l(0), r2.xyzx
         store_structured u0.xyz, vThreadID.x, l(56), r0.xywx
         ld_structured_indexable(structured_buffer, stride=72)(mixed,mixed,mixed,mixed) r0.xyzw, vThreadID.x, l(40), u0.xyzw
         ftod r1.xyzw, r0.xyxx
         ld_structured_indexable(structured_buffer, stride=64)(mixed,mixed,mixed,mixed) r2.xyzw, vThreadID.x, l(24), t1.xyzw
         add r2.xyzw, -r0.xyzw, r2.xyzw
         ftod r0.xyzw, r0.zwzz
         dp4 r3.x, r2.xyzw, r2.xyzw
         rsq r3.x, r3.x
         mul r2.xyzw, r2.xyzw, r3.xxxx
         mul r2.xyzw, r2.xyzw, l(0.500000, 0.500000, 0.500000, 0.500000)
         ftod r3.xyzw, r2.xyxx
         ftod r2.xyzw, r2.zwzz
         dmul r2.xyzw, r2.xyzw, cb0[0].xyxy
         dadd r0.xyzw, r0.xyzw, r2.xyzw
         dtof r0.zw, r0.xyzw
         dmul r2.xyzw, r3.xyzw, cb0[0].xyxy
         dadd r1.xyzw, r1.xyzw, r2.xyzw
         dtof r0.xy, r1.xyzw
         store_structured u0.xyzw, vThreadID.x, l(40), r0.xyzw
         ld_structured_indexable(structured_buffer, stride=72)(mixed,mixed,mixed,mixed) r0.xyz, vThreadID.x, l(16), u0.xyzx
         ftod r1.xyzw, r0.xyxx
         ld_structured_indexable(structured_buffer, stride=64)(mixed,mixed,mixed,mixed) r2.xyzw, vThreadID.x, l(40), t1.xywz
         add r0.xyw, -r0.xyxz, r2.xyxw
         ftod r3.xy, r0.z
         dp3 r0.z, r0.xywx, r0.xywx
         rsq r0.z, r0.z
         mul r0.xyz, r0.zzzz, r0.xywx
         mul r0.xyz, r0.xyzx, l(0.500000, 0.500000, 0.500000, 0.000000)
         ftod r4.xyzw, r0.xyxx
         ftod r0.xy, r0.z
         dmul r0.xy, r0.xyxy, cb0[0].xyxy
         dadd r0.xy, r0.xyxy, r3.xyxy
         dtof r0.z, r0.xyxy
         dmul r3.xyzw, r4.xyzw, cb0[0].xyxy
         dadd r1.xyzw, r1.xyzw, r3.xyzw
         dtof r0.xy, r1.xyzw
         store_structured u0.xyz, vThreadID.x, l(16), r0.xyzx
         ld_structured_indexable(structured_buffer, stride=72)(mixed,mixed,mixed,mixed) r0.xyz, vThreadID.x, l(28), u0.xyzx
         ld_structured_indexable(structured_buffer, stride=64)(mixed,mixed,mixed,mixed) r2.xy, vThreadID.x, l(56), t1.xyxx
         add r1.xyz, -r0.xyzx, r2.zxyz
         dp3 r0.w, r1.xyzx, r1.xyzx
         rsq r0.w, r0.w
         mul r1.xyz, r0.wwww, r1.xyzx
         mul r1.xyz, r1.xyzx, l(0.500000, 0.500000, 0.500000, 0.000000)
         ftod r2.xyzw, r1.xyxx
         ftod r1.xy, r1.z
         dmul r1.xy, r1.xyxy, cb0[0].xyxy
         dmul r2.xyzw, r2.xyzw, cb0[0].xyxy
         ftod r3.xyzw, r0.xyxx
         ftod r0.xy, r0.z
         dadd r0.xy, r1.xyxy, r0.xyxy
         dtof r0.z, r0.xyxy
         dadd r1.xyzw, r2.xyzw, r3.xyzw
         dtof r0.xy, r1.xyzw
         store_structured u0.xyz, vThreadID.x, l(28), r0.xyzx
         ret 
         // Approximately 81 instruction slots used
       ClCompile:
         C:\Program Files (x86)\Microsoft Visual Studio 12.0\VC\bin\CL.exe /c /I"C:\Riot Games\DirectX11-Demo\FinalProject\\" /I"C:\Riot Games\DirectX11-Demo\FinalProject\Include" /I"C:\Riot Games\DirectX11-Demo\Smooth_Game\Include" /I"C:\Riot Games\DirectX11-Demo\Smooth_Graphics\Include" /I"C:\Riot Games\DirectX11-Demo\Smooth_Hardware\Include" /I"C:\Program Files (x86)\Windows Kits\8.1\Include\um" /I"C:\Program Files (x86)\Windows Kits\8.1\Include\shared" /I"C:\Program Files (x86)\Windows Kits\8.1\Include\winrt" /Zi /nologo /W3 /WX- /sdl /O2 /Oi /Oy- /GL /D _UNICODE /D UNICODE /Gm- /EHsc /MD /GS /Gy /fp:precise /Zc:wchar_t /Zc:forScope /GR /Fo"Release\\" /Fd"Release\vc120.pdb" /Gd /TP /analyze- /errorReport:prompt Source\main.cpp
         main.cpp
     1>C:\Riot Games\DirectX11-Demo\Smooth_Hardware\Include\File.h(25): warning C4244: 'argument' : conversion from 'std::streamoff' to 'unsigned int', possible loss of data
     1>C:\Riot Games\DirectX11-Demo\Smooth_Hardware\Include\BmpFile.h(87): warning C4244: '=' : conversion from 'double' to 'FLOAT', possible loss of data
     1>C:\Riot Games\DirectX11-Demo\Smooth_Hardware\Include\BmpFile.h(88): warning C4244: '=' : conversion from 'double' to 'FLOAT', possible loss of data
     1>C:\Riot Games\DirectX11-Demo\Smooth_Hardware\Include\BmpFile.h(89): warning C4244: '=' : conversion from 'double' to 'FLOAT', possible loss of data
     1>C:\Riot Games\DirectX11-Demo\Smooth_Graphics\Include\GraphicsEngine.h(141): warning C4101: 'err' : unreferenced local variable
     1>C:\Riot Games\DirectX11-Demo\Smooth_Game\Include\Frustum.h(89): warning C4101: 'dir' : unreferenced local variable
     1>C:\Riot Games\DirectX11-Demo\Smooth_Game\Include\LightComponent.h(74): warning C4244: '=' : conversion from 'double' to 'FLOAT', possible loss of data
     1>C:\Riot Games\DirectX11-Demo\FinalProject\Include\ColourHelper.h(22): warning C4244: '=' : conversion from 'float' to 'char', possible loss of data
     1>C:\Riot Games\DirectX11-Demo\FinalProject\Include\ColourHelper.h(23): warning C4244: '=' : conversion from 'float' to 'char', possible loss of data
     1>C:\Riot Games\DirectX11-Demo\FinalProject\Include\ColourHelper.h(24): warning C4244: '=' : conversion from 'float' to 'char', possible loss of data
     1>C:\Riot Games\DirectX11-Demo\FinalProject\Include\ColourHelper.h(91): warning C4244: '=' : conversion from 'double' to 'char', possible loss of data
     1>C:\Riot Games\DirectX11-Demo\FinalProject\Include\ColourHelper.h(92): warning C4244: '=' : conversion from 'double' to 'char', possible loss of data
     1>C:\Riot Games\DirectX11-Demo\FinalProject\Include\ColourHelper.h(93): warning C4244: '=' : conversion from 'double' to 'char', possible loss of data
     1>C:\Riot Games\DirectX11-Demo\FinalProject\Include\BézierCurve.h(43): warning C4018: '<' : signed/unsigned mismatch
     1>C:\Riot Games\DirectX11-Demo\FinalProject\Include\Game.h(59): warning C4316: 'SmoothGame::GameEngine' : object allocated on the heap may not be aligned 16
     1>C:\Riot Games\DirectX11-Demo\FinalProject\Include\Game.h(122): warning C4244: 'argument' : conversion from 'double' to 'float', possible loss of data
     1>C:\Riot Games\DirectX11-Demo\FinalProject\Include\Game.h(152): warning C4244: 'argument' : conversion from 'float' to 'SmoothGame::ID_TYPE', possible loss of data
     1>C:\Riot Games\DirectX11-Demo\FinalProject\Include\Game.h(161): warning C4018: '<' : signed/unsigned mismatch
     1>C:\Riot Games\DirectX11-Demo\FinalProject\Include\Game.h(171): warning C4244: 'argument' : conversion from 'int' to 'float', possible loss of data
     1>C:\Riot Games\DirectX11-Demo\FinalProject\Include\Game.h(208): warning C4305: 'argument' : truncation from 'double' to 'float'
     1>C:\Riot Games\DirectX11-Demo\FinalProject\Include\Game.h(213): warning C4244: '+=' : conversion from 'double' to 'float', possible loss of data
     1>C:\Riot Games\DirectX11-Demo\FinalProject\Include\Game.h(252): warning C4244: '+=' : conversion from 'double' to 'float', possible loss of data
     1>C:\Riot Games\DirectX11-Demo\FinalProject\Include\Game.h(284): warning C4018: '<' : signed/unsigned mismatch
     1>C:\Riot Games\DirectX11-Demo\FinalProject\Include\Game.h(293): warning C4244: 'argument' : conversion from 'double' to 'float', possible loss of data
     1>C:\Riot Games\DirectX11-Demo\FinalProject\Include\Game.h(293): warning C4244: 'argument' : conversion from 'int' to 'float', possible loss of data
     1>C:\Riot Games\DirectX11-Demo\FinalProject\Include\Game.h(303): warning C4305: 'argument' : truncation from 'double' to 'float'
     1>C:\Riot Games\DirectX11-Demo\FinalProject\Include\Game.h(382): warning C4244: 'argument' : conversion from 'double' to 'float', possible loss of data
     1>C:\Riot Games\DirectX11-Demo\FinalProject\Include\Game.h(386): warning C4244: '+=' : conversion from 'double' to 'float', possible loss of data
       ResourceCompile:
         C:\Program Files (x86)\Windows Kits\8.1\bin\x86\rc.exe /D _UNICODE /D UNICODE /l"0x0409" /nologo /fo"Release\Resource.res" Resource.rc 
       Link:
         C:\Program Files (x86)\Microsoft Visual Studio 12.0\VC\bin\link.exe /ERRORREPORT:PROMPT /OUT:"C:\Riot Games\DirectX11-Demo\FinalProject\Release\FinalProject.exe" /NOLOGO d3d11.lib d3dcompiler.lib dxguid.lib winmm.lib comctl32.lib kernel32.lib user32.lib gdi32.lib winspool.lib comdlg32.lib advapi32.lib shell32.lib ole32.lib oleaut32.lib uuid.lib odbc32.lib odbccp32.lib /MANIFEST /MANIFESTUAC:"level='asInvoker' uiAccess='false'" /manifest:embed /DEBUG /PDB:"C:\Riot Games\DirectX11-Demo\FinalProject\Release\FinalProject.pdb" /OPT:REF /OPT:ICF /LTCG /TLBID:1 /DYNAMICBASE /NXCOMPAT /IMPLIB:"C:\Riot Games\DirectX11-Demo\FinalProject\Release\FinalProject.lib" /MACHINE:X86 /SAFESEH Release\Resource.res
         Release\main.obj
         "C:\Riot Games\DirectX11-Demo\Smooth_Hardware\Release\Smooth_Hardware.lib"
         "C:\Riot Games\DirectX11-Demo\tinyobjloader\Release\tinyobjloader.lib"
         "C:\Riot Games\DirectX11-Demo\Smooth_Graphics\Release\Smooth_Graphics.lib"
         "C:\Riot Games\DirectX11-Demo\Smooth_Game\Release\Smooth_Game.lib"
         Generating code
     1>c:\riot games\directx11-demo\smooth_graphics\include\cachedvariable.h(69): warning C4715: 'CachedVariable<ID3D11SamplerState>::GetPtr' : not all control paths return a value
     1>c:\riot games\directx11-demo\smooth_game\source\gameobject.cpp(61): warning C4715: 'SmoothGame::GameObject::SendProcess' : not all control paths return a value
     1>c:\riot games\directx11-demo\smooth_hardware\include\bmpfile.h(103): warning C4715: 'SmoothHardware::BmpFile::LoadBMP' : not all control paths return a value
         Finished generating code
         FinalProject.vcxproj -> C:\Riot Games\DirectX11-Demo\FinalProject\Release\FinalProject.exe
       PostBuildEvent:
         XCOPY /Y /E "C:\Riot Games\DirectX11-Demo\FinalProject\Assets" "C:\Riot Games\DirectX11-Demo\FinalProject\Release\Assets\"
         :VCEnd
         C:\Riot Games\DirectX11-Demo\FinalProject\Assets\Assets.rar
         C:\Riot Games\DirectX11-Demo\FinalProject\Assets\bumpmap.png
         C:\Riot Games\DirectX11-Demo\FinalProject\Assets\heightmap.png
         C:\Riot Games\DirectX11-Demo\FinalProject\Assets\light.mtl
         C:\Riot Games\DirectX11-Demo\FinalProject\Assets\light.obj
         C:\Riot Games\DirectX11-Demo\FinalProject\Assets\map.png
         C:\Riot Games\DirectX11-Demo\FinalProject\Assets\plane.mtl
         C:\Riot Games\DirectX11-Demo\FinalProject\Assets\plane.obj
         C:\Riot Games\DirectX11-Demo\FinalProject\Assets\settings.cfg
         C:\Riot Games\DirectX11-Demo\FinalProject\Assets\Scene\spheremap.png
         C:\Riot Games\DirectX11-Demo\FinalProject\Assets\Scene\Bump Maps\8084.png
         C:\Riot Games\DirectX11-Demo\FinalProject\Assets\Scene\Bump Maps\brick.png
         C:\Riot Games\DirectX11-Demo\FinalProject\Assets\Scene\Bump Maps\bump.png
         C:\Riot Games\DirectX11-Demo\FinalProject\Assets\Scene\Bump Maps\bump2.png
         C:\Riot Games\DirectX11-Demo\FinalProject\Assets\Scene\Bump Maps\bumpmap.png
         C:\Riot Games\DirectX11-Demo\FinalProject\Assets\Scene\Models\cube.mtl
         C:\Riot Games\DirectX11-Demo\FinalProject\Assets\Scene\Models\cube.obj
         C:\Riot Games\DirectX11-Demo\FinalProject\Assets\Scene\Models\light.obj
         C:\Riot Games\DirectX11-Demo\FinalProject\Assets\Scene\Models\pyramid.mtl
         C:\Riot Games\DirectX11-Demo\FinalProject\Assets\Scene\Models\pyramid.obj
         C:\Riot Games\DirectX11-Demo\FinalProject\Assets\Scene\Models\simpleCube.mtl
         C:\Riot Games\DirectX11-Demo\FinalProject\Assets\Scene\Models\simpleCube.obj
         C:\Riot Games\DirectX11-Demo\FinalProject\Assets\Scene\Models\teapot.mtl
         C:\Riot Games\DirectX11-Demo\FinalProject\Assets\Scene\Models\teapot.obj
         C:\Riot Games\DirectX11-Demo\FinalProject\Assets\torus\heightTexture.png
         C:\Riot Games\DirectX11-Demo\FinalProject\Assets\torus\texture.png
         C:\Riot Games\DirectX11-Demo\FinalProject\Assets\torus\torus.mtl
         C:\Riot Games\DirectX11-Demo\FinalProject\Assets\torus\torus.obj
         28 File(s) copied
     1>Done Building Project "C:\Riot Games\DirectX11-Demo\FinalProject\FinalProject.vcxproj" (Build target(s)).

Build succeeded.

Time Elapsed 00:00:20.52
